  [4;36;1mSQL (10.8ms)[0m   [0;1m SELECT name
 FROM sqlite_master
 WHERE type = 'table' AND NOT name = 'sqlite_sequence'
[0m
  [4;35;1mSQL (0.1ms)[0m   [0mselect sqlite_version(*)[0m
  [4;36;1mSQL (1.6ms)[0m   [0;1mCREATE TABLE "schema_migrations" ("version" varchar(255) NOT NULL) [0m
  [4;35;1mSQL (0.1ms)[0m   [0mPRAGMA index_list("schema_migrations")[0m
  [4;36;1mSQL (1.6ms)[0m   [0;1mCREATE UNIQUE INDEX "unique_schema_migrations" ON "schema_migrations" ("version")[0m
  [4;35;1mSQL (0.1ms)[0m   [0m SELECT name
 FROM sqlite_master
 WHERE type = 'table' AND NOT name = 'sqlite_sequence'
[0m
  [4;36;1mSQL (0.2ms)[0m   [0;1m SELECT name
 FROM sqlite_master
 WHERE type = 'table' AND NOT name = 'sqlite_sequence'
[0m
  [4;35;1mSQL (0.1ms)[0m   [0mSELECT version FROM schema_migrations[0m
  [4;36;1mSQL (0.1ms)[0m   [0;1m SELECT name
 FROM sqlite_master
 WHERE type = 'table' AND NOT name = 'sqlite_sequence'
[0m
  [4;36;1mSQL (0.6ms)[0m   [0;1m SELECT name
 FROM sqlite_master
 WHERE type = 'table' AND NOT name = 'sqlite_sequence'
[0m
  [4;35;1mSQL (0.1ms)[0m   [0mselect sqlite_version(*)[0m
  [4;36;1mSQL (0.1ms)[0m   [0;1m SELECT name
 FROM sqlite_master
 WHERE type = 'table' AND NOT name = 'sqlite_sequence'
[0m
  [4;35;1mSQL (0.1ms)[0m   [0mSELECT version FROM schema_migrations[0m
  [4;36;1mSQL (0.1ms)[0m   [0;1m SELECT name
 FROM sqlite_master
 WHERE type = 'table' AND NOT name = 'sqlite_sequence'
[0m
  [4;36;1mSQL (118.7ms)[0m   [0;1mSET NAMES 'utf8'[0m
  [4;35;1mSQL (36.6ms)[0m   [0mSET SQL_AUTO_IS_NULL=0[0m
  [4;36;1mSQL (144.0ms)[0m   [0;1mSHOW TABLES[0m
  [4;35;1mSQL (440.8ms)[0m   [0mCREATE TABLE `schema_migrations` (`version` varchar(255) NOT NULL) ENGINE=InnoDB[0m
  [4;36;1mSQL (87.1ms)[0m   [0;1mSHOW KEYS FROM `schema_migrations`[0m
  [4;35;1mSQL (388.0ms)[0m   [0mCREATE UNIQUE INDEX `unique_schema_migrations` ON `schema_migrations` (`version`)[0m
  [4;36;1mSQL (1.0ms)[0m   [0;1mSHOW TABLES[0m
  [4;35;1mSQL (0.4ms)[0m   [0mSHOW TABLES[0m
  [4;36;1mSQL (22.8ms)[0m   [0;1mSELECT version FROM schema_migrations[0m
  [4;35;1mSQL (0.5ms)[0m   [0mSHOW TABLES[0m
  [4;36;1mSQL (0.1ms)[0m   [0;1mSET NAMES 'utf8'[0m
  [4;35;1mSQL (0.1ms)[0m   [0mSET SQL_AUTO_IS_NULL=0[0m


Processing ApplicationController#index (for 127.0.0.1 at 2011-03-27 16:54:30) [GET]

ActionController::RoutingError (No route matches "/tweet" with {:method=>:get}):
  /Users/yuzhang/.rvm/rubies/ruby-1.8.7-p302/lib/ruby/1.8/webrick/httpserver.rb:104:in `service'
  /Users/yuzhang/.rvm/rubies/ruby-1.8.7-p302/lib/ruby/1.8/webrick/httpserver.rb:65:in `run'
  /Users/yuzhang/.rvm/rubies/ruby-1.8.7-p302/lib/ruby/1.8/webrick/server.rb:173:in `start_thread'
  /Users/yuzhang/.rvm/rubies/ruby-1.8.7-p302/lib/ruby/1.8/webrick/server.rb:162:in `start'
  /Users/yuzhang/.rvm/rubies/ruby-1.8.7-p302/lib/ruby/1.8/webrick/server.rb:162:in `start_thread'
  /Users/yuzhang/.rvm/rubies/ruby-1.8.7-p302/lib/ruby/1.8/webrick/server.rb:95:in `start'
  /Users/yuzhang/.rvm/rubies/ruby-1.8.7-p302/lib/ruby/1.8/webrick/server.rb:92:in `each'
  /Users/yuzhang/.rvm/rubies/ruby-1.8.7-p302/lib/ruby/1.8/webrick/server.rb:92:in `start'
  /Users/yuzhang/.rvm/rubies/ruby-1.8.7-p302/lib/ruby/1.8/webrick/server.rb:23:in `start'
  /Users/yuzhang/.rvm/rubies/ruby-1.8.7-p302/lib/ruby/1.8/webrick/server.rb:82:in `start'

Rendering rescues/layout (not_found)
  [4;36;1mSQL (0.1ms)[0m   [0;1mSET NAMES 'utf8'[0m
  [4;35;1mSQL (0.1ms)[0m   [0mSET SQL_AUTO_IS_NULL=0[0m


Processing TweetsController#index (for 127.0.0.1 at 2011-03-27 16:54:34) [GET]
  [4;36;1mTweet Load (0.0ms)[0m   [0;1mMysql::Error: Table 'dmisv_development.tweets' doesn't exist: SELECT * FROM `tweets` [0m

ActiveRecord::StatementInvalid (Mysql::Error: Table 'dmisv_development.tweets' doesn't exist: SELECT * FROM `tweets` ):
  app/controllers/tweets_controller.rb:5:in `index'
  /Users/yuzhang/.rvm/rubies/ruby-1.8.7-p302/lib/ruby/1.8/webrick/httpserver.rb:104:in `service'
  /Users/yuzhang/.rvm/rubies/ruby-1.8.7-p302/lib/ruby/1.8/webrick/httpserver.rb:65:in `run'
  /Users/yuzhang/.rvm/rubies/ruby-1.8.7-p302/lib/ruby/1.8/webrick/server.rb:173:in `start_thread'
  /Users/yuzhang/.rvm/rubies/ruby-1.8.7-p302/lib/ruby/1.8/webrick/server.rb:162:in `start'
  /Users/yuzhang/.rvm/rubies/ruby-1.8.7-p302/lib/ruby/1.8/webrick/server.rb:162:in `start_thread'
  /Users/yuzhang/.rvm/rubies/ruby-1.8.7-p302/lib/ruby/1.8/webrick/server.rb:95:in `start'
  /Users/yuzhang/.rvm/rubies/ruby-1.8.7-p302/lib/ruby/1.8/webrick/server.rb:92:in `each'
  /Users/yuzhang/.rvm/rubies/ruby-1.8.7-p302/lib/ruby/1.8/webrick/server.rb:92:in `start'
  /Users/yuzhang/.rvm/rubies/ruby-1.8.7-p302/lib/ruby/1.8/webrick/server.rb:23:in `start'
  /Users/yuzhang/.rvm/rubies/ruby-1.8.7-p302/lib/ruby/1.8/webrick/server.rb:82:in `start'

Rendered rescues/_trace (112.6ms)
Rendered rescues/_request_and_response (1.1ms)
Rendering rescues/layout (internal_server_error)
  [4;36;1mSQL (0.2ms)[0m   [0;1mSET NAMES 'utf8'[0m
  [4;35;1mSQL (0.1ms)[0m   [0mSET SQL_AUTO_IS_NULL=0[0m
  [4;36;1mSQL (0.4ms)[0m   [0;1mSHOW TABLES[0m
  [4;35;1mSQL (0.2ms)[0m   [0mSELECT version FROM schema_migrations[0m
Migrating to CreateTweets (20110327235332)
  [4;36;1mSQL (392.3ms)[0m   [0;1mCREATE TABLE `tweets` (`id` int(11) DEFAULT NULL auto_increment PRIMARY KEY, `tweet_id` int(11), `text` text, `to_user` varchar(255), `to_user_id` int(11), `from_user` varchar(255), `from_user_id` int(11), `iso_language_code` varchar(255), `tweet_created_at` datetime, `profile_image_url` varchar(255), `recent_retweets` int(11), `hast_tag` varchar(255), `category_id` int(11), `created_at` datetime, `updated_at` datetime) ENGINE=InnoDB[0m
  [4;35;1mSQL (47.5ms)[0m   [0mINSERT INTO schema_migrations (version) VALUES ('20110327235332')[0m
Migrating to CreateCategories (20110327235402)
  [4;36;1mSQL (216.3ms)[0m   [0;1mCREATE TABLE `categories` (`id` int(11) DEFAULT NULL auto_increment PRIMARY KEY, `name` varchar(255), `created_at` datetime, `updated_at` datetime) ENGINE=InnoDB[0m
  [4;35;1mSQL (0.6ms)[0m   [0mINSERT INTO schema_migrations (version) VALUES ('20110327235402')[0m
  [4;36;1mSQL (0.5ms)[0m   [0;1mSHOW TABLES[0m
  [4;35;1mSQL (0.2ms)[0m   [0mSELECT version FROM schema_migrations[0m
  [4;36;1mSQL (1.5ms)[0m   [0;1mSHOW TABLES[0m
  [4;35;1mSQL (148.5ms)[0m   [0mSHOW FIELDS FROM `categories`[0m
  [4;36;1mSQL (1.4ms)[0m   [0;1mdescribe `categories`[0m
  [4;35;1mSQL (0.3ms)[0m   [0mSHOW KEYS FROM `categories`[0m
  [4;36;1mSQL (1.4ms)[0m   [0;1mSHOW FIELDS FROM `tweets`[0m
  [4;35;1mSQL (2.6ms)[0m   [0mdescribe `tweets`[0m
  [4;36;1mSQL (0.7ms)[0m   [0;1mSHOW KEYS FROM `tweets`[0m
  [4;36;1mSQL (0.2ms)[0m   [0;1mSET NAMES 'utf8'[0m
  [4;35;1mSQL (0.1ms)[0m   [0mSET SQL_AUTO_IS_NULL=0[0m


Processing TweetsController#index (for 127.0.0.1 at 2011-03-27 16:55:06) [GET]
  [4;36;1mTweet Load (0.4ms)[0m   [0;1mSELECT * FROM `tweets` [0m
Rendering template within layouts/tweets
Rendering tweets/index
Completed in 63ms (View: 59, DB: 1) | 200 OK [http://localhost/tweets]
  [4;36;1mSQL (0.2ms)[0m   [0;1mSET NAMES 'utf8'[0m
  [4;35;1mSQL (0.1ms)[0m   [0mSET SQL_AUTO_IS_NULL=0[0m


Processing TweetsController#index (for 127.0.0.1 at 2011-03-27 17:05:29) [GET]
  [4;36;1mTweet Load (0.3ms)[0m   [0;1mSELECT * FROM `tweets` [0m
Rendering template within layouts/tweets
Rendering tweets/index
Completed in 17ms (View: 12, DB: 1) | 200 OK [http://localhost/tweets]
  [4;35;1mSQL (0.2ms)[0m   [0mSET NAMES 'utf8'[0m
  [4;36;1mSQL (0.1ms)[0m   [0;1mSET SQL_AUTO_IS_NULL=0[0m


Processing TweetsController#new (for 127.0.0.1 at 2011-03-27 17:05:31) [GET]
  [4;35;1mTweet Columns (35.2ms)[0m   [0mSHOW FIELDS FROM `tweets`[0m
Rendering template within layouts/tweets
Rendering tweets/new
Completed in 133ms (View: 92, DB: 36) | 200 OK [http://localhost/tweets/new]
  [4;36;1mSQL (0.1ms)[0m   [0;1mSET NAMES 'utf8'[0m
  [4;35;1mSQL (0.1ms)[0m   [0mSET SQL_AUTO_IS_NULL=0[0m


Processing TweetsController#index (for 127.0.0.1 at 2011-03-27 17:05:39) [GET]
  [4;36;1mTweet Load (0.5ms)[0m   [0;1mSELECT * FROM `tweets` [0m
Rendering template within layouts/tweets
Rendering tweets/index
Completed in 6ms (View: 1, DB: 1) | 200 OK [http://localhost/tweets]
  [4;36;1mSQL (0.2ms)[0m   [0;1mSET NAMES 'utf8'[0m
  [4;35;1mSQL (0.1ms)[0m   [0mSET SQL_AUTO_IS_NULL=0[0m


Processing TweetsController#index (for 127.0.0.1 at 2011-03-27 17:13:46) [GET]
  [4;36;1mTweet Load (0.4ms)[0m   [0;1mSELECT * FROM `tweets` [0m
Rendering template within layouts/tweets
Rendering tweets/index
Completed in 17ms (View: 13, DB: 1) | 200 OK [http://localhost/tweets]
  [4;35;1mSQL (0.8ms)[0m   [0mSET NAMES 'utf8'[0m
  [4;36;1mSQL (0.1ms)[0m   [0;1mSET SQL_AUTO_IS_NULL=0[0m


Processing TweetsController#index (for 127.0.0.1 at 2011-03-27 17:16:46) [GET]
  [4;35;1mTweet Load (5.0ms)[0m   [0mSELECT * FROM `tweets` [0m
Rendering template within layouts/tweets
Rendering tweets/index
Completed in 22ms (View: 7, DB: 6) | 200 OK [http://localhost/tweets]
  [4;36;1mSQL (0.2ms)[0m   [0;1mSET NAMES 'utf8'[0m
  [4;35;1mSQL (0.1ms)[0m   [0mSET SQL_AUTO_IS_NULL=0[0m


Processing CategoriesController#index (for 127.0.0.1 at 2011-03-27 17:17:27) [GET]
  [4;36;1mCategory Load (0.3ms)[0m   [0;1mSELECT * FROM `categories` [0m
Rendering template within layouts/categories
Rendering categories/index
Completed in 95ms (View: 75, DB: 1) | 200 OK [http://localhost/categories]
  [4;36;1mSQL (165.6ms)[0m   [0;1mSET NAMES 'utf8'[0m
  [4;35;1mSQL (96.7ms)[0m   [0mSET SQL_AUTO_IS_NULL=0[0m


Processing TweetsController#index (for 127.0.0.1 at 2011-04-01 12:44:43) [GET]
  [4;36;1mTweet Load (312.5ms)[0m   [0;1mSELECT * FROM `tweets` [0m
Rendering template within layouts/tweets
Rendering tweets/index
Completed in 535ms (View: 202, DB: 575) | 200 OK [http://localhost/tweets]
  [4;35;1mSQL (0.1ms)[0m   [0mSET NAMES 'utf8'[0m
  [4;36;1mSQL (0.1ms)[0m   [0;1mSET SQL_AUTO_IS_NULL=0[0m


Processing TweetsController#new (for 127.0.0.1 at 2011-04-01 12:45:42) [GET]
  [4;35;1mTweet Columns (214.5ms)[0m   [0mSHOW FIELDS FROM `tweets`[0m
Rendering template within layouts/tweets
Rendering tweets/new
Completed in 416ms (View: 197, DB: 215) | 200 OK [http://localhost/tweets/new]
  [4;36;1mSQL (0.2ms)[0m   [0;1mSET NAMES 'utf8'[0m
  [4;35;1mSQL (0.1ms)[0m   [0mSET SQL_AUTO_IS_NULL=0[0m


Processing CategoriesController#index (for 127.0.0.1 at 2011-04-01 12:48:31) [GET]
  [4;36;1mCategory Load (25.8ms)[0m   [0;1mSELECT * FROM `categories` [0m
Rendering template within layouts/categories
Rendering categories/index
Completed in 113ms (View: 59, DB: 26) | 200 OK [http://localhost/categories]
  [4;35;1mSQL (0.4ms)[0m   [0mSET NAMES 'utf8'[0m
  [4;36;1mSQL (0.3ms)[0m   [0;1mSET SQL_AUTO_IS_NULL=0[0m


Processing TweetsController#index (for 127.0.0.1 at 2011-04-01 12:48:37) [GET]
  [4;35;1mTweet Load (0.3ms)[0m   [0mSELECT * FROM `tweets` [0m
Rendering template within layouts/tweets
Rendering tweets/index
Completed in 10ms (View: 1, DB: 1) | 200 OK [http://localhost/tweets]
  [4;36;1mSQL (0.1ms)[0m   [0;1mSET NAMES 'utf8'[0m
  [4;35;1mSQL (0.1ms)[0m   [0mSET SQL_AUTO_IS_NULL=0[0m


Processing TweetsController#new (for 127.0.0.1 at 2011-04-01 17:48:06) [GET]
  [4;36;1mTweet Columns (87.5ms)[0m   [0;1mSHOW FIELDS FROM `tweets`[0m
Rendering template within layouts/tweets
Rendering tweets/new
Completed in 292ms (View: 188, DB: 88) | 200 OK [http://localhost/tweets/new]
  [4;36;1mSQL (1.3ms)[0m   [0;1mSET NAMES 'utf8'[0m
  [4;35;1mSQL (0.6ms)[0m   [0mSET SQL_AUTO_IS_NULL=0[0m


Processing TweetsController#index (for 127.0.0.1 at 2011-04-30 00:26:53) [GET]

NoMethodError (undefined method `all' for Tweet:Class):
  app/controllers/tweets_controller.rb:5:in `index'
  /Users/yuzhang/.rvm/rubies/ruby-1.8.7-p302/lib/ruby/1.8/webrick/httpserver.rb:104:in `service'
  /Users/yuzhang/.rvm/rubies/ruby-1.8.7-p302/lib/ruby/1.8/webrick/httpserver.rb:65:in `run'
  /Users/yuzhang/.rvm/rubies/ruby-1.8.7-p302/lib/ruby/1.8/webrick/server.rb:173:in `start_thread'
  /Users/yuzhang/.rvm/rubies/ruby-1.8.7-p302/lib/ruby/1.8/webrick/server.rb:162:in `start'
  /Users/yuzhang/.rvm/rubies/ruby-1.8.7-p302/lib/ruby/1.8/webrick/server.rb:162:in `start_thread'
  /Users/yuzhang/.rvm/rubies/ruby-1.8.7-p302/lib/ruby/1.8/webrick/server.rb:95:in `start'
  /Users/yuzhang/.rvm/rubies/ruby-1.8.7-p302/lib/ruby/1.8/webrick/server.rb:92:in `each'
  /Users/yuzhang/.rvm/rubies/ruby-1.8.7-p302/lib/ruby/1.8/webrick/server.rb:92:in `start'
  /Users/yuzhang/.rvm/rubies/ruby-1.8.7-p302/lib/ruby/1.8/webrick/server.rb:23:in `start'
  /Users/yuzhang/.rvm/rubies/ruby-1.8.7-p302/lib/ruby/1.8/webrick/server.rb:82:in `start'

Rendered rescues/_trace (95.8ms)
Rendered rescues/_request_and_response (1.2ms)
Rendering rescues/layout (internal_server_error)
  [4;36;1mSQL (0.1ms)[0m   [0;1mSET NAMES 'utf8'[0m
  [4;35;1mSQL (0.1ms)[0m   [0mSET SQL_AUTO_IS_NULL=0[0m


Processing TweetsController#index (for 127.0.0.1 at 2011-04-30 00:27:10) [GET]
Rendering template within layouts/tweets
Rendering tweets/index
Completed in 640ms (View: 155, DB: 0) | 200 OK [http://localhost/tweets]
  [4;36;1mSQL (0.1ms)[0m   [0;1mSET NAMES 'utf8'[0m
  [4;35;1mSQL (0.1ms)[0m   [0mSET SQL_AUTO_IS_NULL=0[0m


Processing TweetsController#index (for 127.0.0.1 at 2011-04-30 00:36:45) [GET]
Rendering template within layouts/tweets
Rendering tweets/index

ActionView::TemplateError (undefined method `tweet_id' for #<Tweet:0x1036c4658>) on line #21 of app/views/tweets/index.html.erb:
18: 
19: <% @tweets.each do |tweet| %>
20:   <tr>
21:     <td><%=h tweet.tweet_id %></td>
22:     <td><%=h tweet.text %></td>
23:     <td><%=h tweet.to_user %></td>
24:     <td><%=h tweet.to_user_id %></td>

    app/views/tweets/index.html.erb:21
    app/views/tweets/index.html.erb:19:in `each'
    app/views/tweets/index.html.erb:19
    app/controllers/tweets_controller.rb:7:in `index'
    /Users/yuzhang/.rvm/rubies/ruby-1.8.7-p302/lib/ruby/1.8/webrick/httpserver.rb:104:in `service'
    /Users/yuzhang/.rvm/rubies/ruby-1.8.7-p302/lib/ruby/1.8/webrick/httpserver.rb:65:in `run'
    /Users/yuzhang/.rvm/rubies/ruby-1.8.7-p302/lib/ruby/1.8/webrick/server.rb:173:in `start_thread'
    /Users/yuzhang/.rvm/rubies/ruby-1.8.7-p302/lib/ruby/1.8/webrick/server.rb:162:in `start'
    /Users/yuzhang/.rvm/rubies/ruby-1.8.7-p302/lib/ruby/1.8/webrick/server.rb:162:in `start_thread'
    /Users/yuzhang/.rvm/rubies/ruby-1.8.7-p302/lib/ruby/1.8/webrick/server.rb:95:in `start'
    /Users/yuzhang/.rvm/rubies/ruby-1.8.7-p302/lib/ruby/1.8/webrick/server.rb:92:in `each'
    /Users/yuzhang/.rvm/rubies/ruby-1.8.7-p302/lib/ruby/1.8/webrick/server.rb:92:in `start'
    /Users/yuzhang/.rvm/rubies/ruby-1.8.7-p302/lib/ruby/1.8/webrick/server.rb:23:in `start'
    /Users/yuzhang/.rvm/rubies/ruby-1.8.7-p302/lib/ruby/1.8/webrick/server.rb:82:in `start'

Rendered rescues/_trace (58.5ms)
Rendered rescues/_request_and_response (0.3ms)
Rendering rescues/layout (internal_server_error)
  [4;36;1mSQL (0.1ms)[0m   [0;1mSET NAMES 'utf8'[0m
  [4;35;1mSQL (0.1ms)[0m   [0mSET SQL_AUTO_IS_NULL=0[0m


Processing TweetsController#index (for 127.0.0.1 at 2011-04-30 00:43:27) [GET]
Rendering template within layouts/tweets
Rendering tweets/index

ActionView::TemplateError (undefined method `tweet_id' for #<Tweet:0x1034409b8>) on line #21 of app/views/tweets/index.html.erb:
18: 
19: <% @tweets.each do |tweet| %>
20:   <tr>
21:     <td><%=h tweet.tweet_id %></td>
22:     <td><%=h tweet.text %></td>
23:     <td><%=h tweet.to_user %></td>
24:     <td><%=h tweet.to_user_id %></td>

    app/views/tweets/index.html.erb:21
    app/views/tweets/index.html.erb:19:in `each'
    app/views/tweets/index.html.erb:19
    app/controllers/tweets_controller.rb:7:in `index'
    /Users/yuzhang/.rvm/rubies/ruby-1.8.7-p302/lib/ruby/1.8/webrick/httpserver.rb:104:in `service'
    /Users/yuzhang/.rvm/rubies/ruby-1.8.7-p302/lib/ruby/1.8/webrick/httpserver.rb:65:in `run'
    /Users/yuzhang/.rvm/rubies/ruby-1.8.7-p302/lib/ruby/1.8/webrick/server.rb:173:in `start_thread'
    /Users/yuzhang/.rvm/rubies/ruby-1.8.7-p302/lib/ruby/1.8/webrick/server.rb:162:in `start'
    /Users/yuzhang/.rvm/rubies/ruby-1.8.7-p302/lib/ruby/1.8/webrick/server.rb:162:in `start_thread'
    /Users/yuzhang/.rvm/rubies/ruby-1.8.7-p302/lib/ruby/1.8/webrick/server.rb:95:in `start'
    /Users/yuzhang/.rvm/rubies/ruby-1.8.7-p302/lib/ruby/1.8/webrick/server.rb:92:in `each'
    /Users/yuzhang/.rvm/rubies/ruby-1.8.7-p302/lib/ruby/1.8/webrick/server.rb:92:in `start'
    /Users/yuzhang/.rvm/rubies/ruby-1.8.7-p302/lib/ruby/1.8/webrick/server.rb:23:in `start'
    /Users/yuzhang/.rvm/rubies/ruby-1.8.7-p302/lib/ruby/1.8/webrick/server.rb:82:in `start'

Rendered rescues/_trace (51.2ms)
Rendered rescues/_request_and_response (0.3ms)
Rendering rescues/layout (internal_server_error)
  [4;36;1mSQL (0.1ms)[0m   [0;1mSET NAMES 'utf8'[0m
  [4;35;1mSQL (0.1ms)[0m   [0mSET SQL_AUTO_IS_NULL=0[0m


Processing TweetsController#index (for 127.0.0.1 at 2011-04-30 00:47:41) [GET]
Rendering template within layouts/tweets
Rendering tweets/index
Completed in 18505ms (View: 22, DB: 0) | 200 OK [http://localhost/tweets]
  [4;36;1mSQL (0.1ms)[0m   [0;1mSET NAMES 'utf8'[0m
  [4;35;1mSQL (0.1ms)[0m   [0mSET SQL_AUTO_IS_NULL=0[0m


Processing TweetsController#index (for 127.0.0.1 at 2011-04-30 01:27:30) [GET]
Rendering template within layouts/tweets
Rendering tweets/index
Completed in 18830ms (View: 402, DB: 0) | 200 OK [http://localhost/tweets]
  [4;36;1mSQL (0.1ms)[0m   [0;1mSET NAMES 'utf8'[0m
  [4;35;1mSQL (0.1ms)[0m   [0mSET SQL_AUTO_IS_NULL=0[0m


Processing TweetsController#index (for 127.0.0.1 at 2011-04-30 01:28:40) [GET]
Rendering template within layouts/tweets
Rendering tweets/index
Completed in 20436ms (View: 240, DB: 0) | 200 OK [http://localhost/tweets]
  [4;36;1mSQL (0.1ms)[0m   [0;1mSET NAMES 'utf8'[0m
  [4;35;1mSQL (0.1ms)[0m   [0mSET SQL_AUTO_IS_NULL=0[0m


Processing TweetsController#index (for 127.0.0.1 at 2011-04-30 01:31:29) [GET]
Rendering template within layouts/tweets
Rendering tweets/index
Completed in 18947ms (View: 167, DB: 0) | 200 OK [http://localhost/tweets]
  [4;36;1mSQL (0.2ms)[0m   [0;1mSET NAMES 'utf8'[0m
  [4;35;1mSQL (0.1ms)[0m   [0mSET SQL_AUTO_IS_NULL=0[0m


Processing TweetsController#index (for 127.0.0.1 at 2011-04-30 01:34:24) [GET]
Rendering template within layouts/tweets
Rendering tweets/index
Completed in 25308ms (View: 286, DB: 0) | 200 OK [http://localhost/tweets]
  [4;36;1mSQL (0.1ms)[0m   [0;1mSET NAMES 'utf8'[0m
  [4;35;1mSQL (0.1ms)[0m   [0mSET SQL_AUTO_IS_NULL=0[0m


Processing TweetsController#index (for 127.0.0.1 at 2011-04-30 01:35:16) [GET]
Rendering template within layouts/tweets
Rendering tweets/index
Completed in 25785ms (View: 241, DB: 0) | 200 OK [http://localhost/tweets]
  [4;36;1mSQL (0.1ms)[0m   [0;1mSET NAMES 'utf8'[0m
  [4;35;1mSQL (0.1ms)[0m   [0mSET SQL_AUTO_IS_NULL=0[0m


Processing TweetsController#show (for 127.0.0.1 at 2011-04-30 01:38:28) [GET]
  Parameters: {"id"=>"64119332090814464"}

ActiveResource::ResourceNotFound (Failed with 404 Not Found ):
  app/controllers/tweets_controller.rb:16:in `show'
  /Users/yuzhang/.rvm/rubies/ruby-1.8.7-p302/lib/ruby/1.8/webrick/httpserver.rb:104:in `service'
  /Users/yuzhang/.rvm/rubies/ruby-1.8.7-p302/lib/ruby/1.8/webrick/httpserver.rb:65:in `run'
  /Users/yuzhang/.rvm/rubies/ruby-1.8.7-p302/lib/ruby/1.8/webrick/server.rb:173:in `start_thread'
  /Users/yuzhang/.rvm/rubies/ruby-1.8.7-p302/lib/ruby/1.8/webrick/server.rb:162:in `start'
  /Users/yuzhang/.rvm/rubies/ruby-1.8.7-p302/lib/ruby/1.8/webrick/server.rb:162:in `start_thread'
  /Users/yuzhang/.rvm/rubies/ruby-1.8.7-p302/lib/ruby/1.8/webrick/server.rb:95:in `start'
  /Users/yuzhang/.rvm/rubies/ruby-1.8.7-p302/lib/ruby/1.8/webrick/server.rb:92:in `each'
  /Users/yuzhang/.rvm/rubies/ruby-1.8.7-p302/lib/ruby/1.8/webrick/server.rb:92:in `start'
  /Users/yuzhang/.rvm/rubies/ruby-1.8.7-p302/lib/ruby/1.8/webrick/server.rb:23:in `start'
  /Users/yuzhang/.rvm/rubies/ruby-1.8.7-p302/lib/ruby/1.8/webrick/server.rb:82:in `start'

Rendered rescues/_trace (43.5ms)
Rendered rescues/_request_and_response (0.3ms)
Rendering rescues/layout (internal_server_error)
  [4;36;1mSQL (0.1ms)[0m   [0;1mSET NAMES 'utf8'[0m
  [4;35;1mSQL (0.1ms)[0m   [0mSET SQL_AUTO_IS_NULL=0[0m


Processing TweetsController#index (for 127.0.0.1 at 2011-04-30 01:52:11) [GET]
Rendering template within layouts/tweets
Rendering tweets/index
Completed in 366ms (View: 1, DB: 0) | 200 OK [http://localhost/tweets]
  [4;36;1mSQL (0.1ms)[0m   [0;1mSET NAMES 'utf8'[0m
  [4;35;1mSQL (0.1ms)[0m   [0mSET SQL_AUTO_IS_NULL=0[0m


Processing TweetsController#index (for 127.0.0.1 at 2011-04-30 01:56:54) [GET]
Rendering template within layouts/tweets
Rendering tweets/index
Completed in 19116ms (View: 270, DB: 0) | 200 OK [http://localhost/tweets]
  [4;36;1mSQL (0.1ms)[0m   [0;1mSET NAMES 'utf8'[0m
  [4;35;1mSQL (0.1ms)[0m   [0mSET SQL_AUTO_IS_NULL=0[0m


Processing TweetsController#show (for 127.0.0.1 at 2011-04-30 01:57:17) [GET]
  Parameters: {"id"=>"64119332090814464"}
Rendering template within layouts/tweets
Rendering tweets/show

ActionView::TemplateError (undefined method `tweet_id' for #<Tweet:0x102f73408>) on line #3 of app/views/tweets/show.html.erb:
1: <p>
2:   <b>Tweet:</b>
3:   <%=h @tweet.tweet_id %>
4: </p>
5: 
6: <p>

    app/views/tweets/show.html.erb:3
    app/controllers/tweets_controller.rb:18:in `show'
    /Users/yuzhang/.rvm/rubies/ruby-1.8.7-p302/lib/ruby/1.8/webrick/httpserver.rb:104:in `service'
    /Users/yuzhang/.rvm/rubies/ruby-1.8.7-p302/lib/ruby/1.8/webrick/httpserver.rb:65:in `run'
    /Users/yuzhang/.rvm/rubies/ruby-1.8.7-p302/lib/ruby/1.8/webrick/server.rb:173:in `start_thread'
    /Users/yuzhang/.rvm/rubies/ruby-1.8.7-p302/lib/ruby/1.8/webrick/server.rb:162:in `start'
    /Users/yuzhang/.rvm/rubies/ruby-1.8.7-p302/lib/ruby/1.8/webrick/server.rb:162:in `start_thread'
    /Users/yuzhang/.rvm/rubies/ruby-1.8.7-p302/lib/ruby/1.8/webrick/server.rb:95:in `start'
    /Users/yuzhang/.rvm/rubies/ruby-1.8.7-p302/lib/ruby/1.8/webrick/server.rb:92:in `each'
    /Users/yuzhang/.rvm/rubies/ruby-1.8.7-p302/lib/ruby/1.8/webrick/server.rb:92:in `start'
    /Users/yuzhang/.rvm/rubies/ruby-1.8.7-p302/lib/ruby/1.8/webrick/server.rb:23:in `start'
    /Users/yuzhang/.rvm/rubies/ruby-1.8.7-p302/lib/ruby/1.8/webrick/server.rb:82:in `start'

Rendered rescues/_trace (57.4ms)
Rendered rescues/_request_and_response (0.3ms)
Rendering rescues/layout (internal_server_error)
  [4;36;1mSQL (0.1ms)[0m   [0;1mSET NAMES 'utf8'[0m
  [4;35;1mSQL (0.1ms)[0m   [0mSET SQL_AUTO_IS_NULL=0[0m


Processing TweetsController#show (for 127.0.0.1 at 2011-04-30 01:57:39) [GET]
  Parameters: {"id"=>"64119332090814464"}
Rendering template within layouts/tweets
Rendering tweets/show

ActionView::TemplateError (undefined method `to_user' for #<Tweet:0x1032de5e8>) on line #13 of app/views/tweets/show.html.erb:
10: 
11: <p>
12:   <b>To user:</b>
13:   <%=h @tweet.to_user %>
14: </p>
15: 
16: <p>

    app/views/tweets/show.html.erb:13
    app/controllers/tweets_controller.rb:18:in `show'
    /Users/yuzhang/.rvm/rubies/ruby-1.8.7-p302/lib/ruby/1.8/webrick/httpserver.rb:104:in `service'
    /Users/yuzhang/.rvm/rubies/ruby-1.8.7-p302/lib/ruby/1.8/webrick/httpserver.rb:65:in `run'
    /Users/yuzhang/.rvm/rubies/ruby-1.8.7-p302/lib/ruby/1.8/webrick/server.rb:173:in `start_thread'
    /Users/yuzhang/.rvm/rubies/ruby-1.8.7-p302/lib/ruby/1.8/webrick/server.rb:162:in `start'
    /Users/yuzhang/.rvm/rubies/ruby-1.8.7-p302/lib/ruby/1.8/webrick/server.rb:162:in `start_thread'
    /Users/yuzhang/.rvm/rubies/ruby-1.8.7-p302/lib/ruby/1.8/webrick/server.rb:95:in `start'
    /Users/yuzhang/.rvm/rubies/ruby-1.8.7-p302/lib/ruby/1.8/webrick/server.rb:92:in `each'
    /Users/yuzhang/.rvm/rubies/ruby-1.8.7-p302/lib/ruby/1.8/webrick/server.rb:92:in `start'
    /Users/yuzhang/.rvm/rubies/ruby-1.8.7-p302/lib/ruby/1.8/webrick/server.rb:23:in `start'
    /Users/yuzhang/.rvm/rubies/ruby-1.8.7-p302/lib/ruby/1.8/webrick/server.rb:82:in `start'

Rendered rescues/_trace (126.0ms)
Rendered rescues/_request_and_response (0.3ms)
Rendering rescues/layout (internal_server_error)
  [4;36;1mSQL (0.1ms)[0m   [0;1mSET NAMES 'utf8'[0m
  [4;35;1mSQL (0.1ms)[0m   [0mSET SQL_AUTO_IS_NULL=0[0m


Processing TweetsController#show (for 127.0.0.1 at 2011-04-30 01:57:56) [GET]
  Parameters: {"id"=>"64119332090814464"}
Rendering template within layouts/tweets
Rendering tweets/show

ActionView::TemplateError (undefined method `to_user_id' for #<Tweet:0x103488380>) on line #13 of app/views/tweets/show.html.erb:
10: 
11: <p>
12:   <b>To user:</b>
13:   <%=h @tweet.to_user_id %>
14: </p>
15: 
16: <p>

    app/views/tweets/show.html.erb:13
    app/controllers/tweets_controller.rb:18:in `show'
    /Users/yuzhang/.rvm/rubies/ruby-1.8.7-p302/lib/ruby/1.8/webrick/httpserver.rb:104:in `service'
    /Users/yuzhang/.rvm/rubies/ruby-1.8.7-p302/lib/ruby/1.8/webrick/httpserver.rb:65:in `run'
    /Users/yuzhang/.rvm/rubies/ruby-1.8.7-p302/lib/ruby/1.8/webrick/server.rb:173:in `start_thread'
    /Users/yuzhang/.rvm/rubies/ruby-1.8.7-p302/lib/ruby/1.8/webrick/server.rb:162:in `start'
    /Users/yuzhang/.rvm/rubies/ruby-1.8.7-p302/lib/ruby/1.8/webrick/server.rb:162:in `start_thread'
    /Users/yuzhang/.rvm/rubies/ruby-1.8.7-p302/lib/ruby/1.8/webrick/server.rb:95:in `start'
    /Users/yuzhang/.rvm/rubies/ruby-1.8.7-p302/lib/ruby/1.8/webrick/server.rb:92:in `each'
    /Users/yuzhang/.rvm/rubies/ruby-1.8.7-p302/lib/ruby/1.8/webrick/server.rb:92:in `start'
    /Users/yuzhang/.rvm/rubies/ruby-1.8.7-p302/lib/ruby/1.8/webrick/server.rb:23:in `start'
    /Users/yuzhang/.rvm/rubies/ruby-1.8.7-p302/lib/ruby/1.8/webrick/server.rb:82:in `start'

Rendered rescues/_trace (58.0ms)
Rendered rescues/_request_and_response (0.3ms)
Rendering rescues/layout (internal_server_error)
  [4;36;1mSQL (0.1ms)[0m   [0;1mSET NAMES 'utf8'[0m
  [4;35;1mSQL (0.1ms)[0m   [0mSET SQL_AUTO_IS_NULL=0[0m


Processing TweetsController#show (for 127.0.0.1 at 2011-04-30 01:58:03) [GET]
  Parameters: {"id"=>"64119332090814464"}
Rendering template within layouts/tweets
Rendering tweets/show

ActionView::TemplateError (undefined method `tweet_created_at' for #<Tweet:0x10363a548>) on line #28 of app/views/tweets/show.html.erb:
25: 
26: <p>
27:   <b>Tweet created at:</b>
28:   <%=h @tweet.tweet_created_at %>
29: </p>
30: 
31: <p>

    app/views/tweets/show.html.erb:28
    app/controllers/tweets_controller.rb:18:in `show'
    /Users/yuzhang/.rvm/rubies/ruby-1.8.7-p302/lib/ruby/1.8/webrick/httpserver.rb:104:in `service'
    /Users/yuzhang/.rvm/rubies/ruby-1.8.7-p302/lib/ruby/1.8/webrick/httpserver.rb:65:in `run'
    /Users/yuzhang/.rvm/rubies/ruby-1.8.7-p302/lib/ruby/1.8/webrick/server.rb:173:in `start_thread'
    /Users/yuzhang/.rvm/rubies/ruby-1.8.7-p302/lib/ruby/1.8/webrick/server.rb:162:in `start'
    /Users/yuzhang/.rvm/rubies/ruby-1.8.7-p302/lib/ruby/1.8/webrick/server.rb:162:in `start_thread'
    /Users/yuzhang/.rvm/rubies/ruby-1.8.7-p302/lib/ruby/1.8/webrick/server.rb:95:in `start'
    /Users/yuzhang/.rvm/rubies/ruby-1.8.7-p302/lib/ruby/1.8/webrick/server.rb:92:in `each'
    /Users/yuzhang/.rvm/rubies/ruby-1.8.7-p302/lib/ruby/1.8/webrick/server.rb:92:in `start'
    /Users/yuzhang/.rvm/rubies/ruby-1.8.7-p302/lib/ruby/1.8/webrick/server.rb:23:in `start'
    /Users/yuzhang/.rvm/rubies/ruby-1.8.7-p302/lib/ruby/1.8/webrick/server.rb:82:in `start'

Rendered rescues/_trace (54.8ms)
Rendered rescues/_request_and_response (0.3ms)
Rendering rescues/layout (internal_server_error)
  [4;36;1mSQL (0.1ms)[0m   [0;1mSET NAMES 'utf8'[0m
  [4;35;1mSQL (0.1ms)[0m   [0mSET SQL_AUTO_IS_NULL=0[0m


Processing TweetsController#show (for 127.0.0.1 at 2011-04-30 01:58:17) [GET]
  Parameters: {"id"=>"64119332090814464"}
Rendering template within layouts/tweets
Rendering tweets/show

ActionView::TemplateError (undefined method `tweet_created_at' for #<Tweet:0x103150fc8>) on line #28 of app/views/tweets/show.html.erb:
25: 
26: <p>
27:   <b>Tweet created at:</b>
28:   <%=h @tweet.tweet_created_at %>
29: </p>
30: 
31: <p>

    app/views/tweets/show.html.erb:28
    app/controllers/tweets_controller.rb:18:in `show'
    /Users/yuzhang/.rvm/rubies/ruby-1.8.7-p302/lib/ruby/1.8/webrick/httpserver.rb:104:in `service'
    /Users/yuzhang/.rvm/rubies/ruby-1.8.7-p302/lib/ruby/1.8/webrick/httpserver.rb:65:in `run'
    /Users/yuzhang/.rvm/rubies/ruby-1.8.7-p302/lib/ruby/1.8/webrick/server.rb:173:in `start_thread'
    /Users/yuzhang/.rvm/rubies/ruby-1.8.7-p302/lib/ruby/1.8/webrick/server.rb:162:in `start'
    /Users/yuzhang/.rvm/rubies/ruby-1.8.7-p302/lib/ruby/1.8/webrick/server.rb:162:in `start_thread'
    /Users/yuzhang/.rvm/rubies/ruby-1.8.7-p302/lib/ruby/1.8/webrick/server.rb:95:in `start'
    /Users/yuzhang/.rvm/rubies/ruby-1.8.7-p302/lib/ruby/1.8/webrick/server.rb:92:in `each'
    /Users/yuzhang/.rvm/rubies/ruby-1.8.7-p302/lib/ruby/1.8/webrick/server.rb:92:in `start'
    /Users/yuzhang/.rvm/rubies/ruby-1.8.7-p302/lib/ruby/1.8/webrick/server.rb:23:in `start'
    /Users/yuzhang/.rvm/rubies/ruby-1.8.7-p302/lib/ruby/1.8/webrick/server.rb:82:in `start'

Rendered rescues/_trace (50.6ms)
Rendered rescues/_request_and_response (0.3ms)
Rendering rescues/layout (internal_server_error)
  [4;36;1mSQL (0.1ms)[0m   [0;1mSET NAMES 'utf8'[0m
  [4;35;1mSQL (0.1ms)[0m   [0mSET SQL_AUTO_IS_NULL=0[0m


Processing TweetsController#show (for 127.0.0.1 at 2011-04-30 01:58:24) [GET]
  Parameters: {"id"=>"64119332090814464"}
Rendering template within layouts/tweets
Rendering tweets/show

ActionView::TemplateError (undefined method `recent_retweets' for #<Tweet:0x103288e68>) on line #33 of app/views/tweets/show.html.erb:
30: 
31: <p>
32:   <b>Recent retweets:</b>
33:   <%=h @tweet.recent_retweets %>
34: </p>
35: 
36: <p>

    app/views/tweets/show.html.erb:33
    app/controllers/tweets_controller.rb:18:in `show'
    /Users/yuzhang/.rvm/rubies/ruby-1.8.7-p302/lib/ruby/1.8/webrick/httpserver.rb:104:in `service'
    /Users/yuzhang/.rvm/rubies/ruby-1.8.7-p302/lib/ruby/1.8/webrick/httpserver.rb:65:in `run'
    /Users/yuzhang/.rvm/rubies/ruby-1.8.7-p302/lib/ruby/1.8/webrick/server.rb:173:in `start_thread'
    /Users/yuzhang/.rvm/rubies/ruby-1.8.7-p302/lib/ruby/1.8/webrick/server.rb:162:in `start'
    /Users/yuzhang/.rvm/rubies/ruby-1.8.7-p302/lib/ruby/1.8/webrick/server.rb:162:in `start_thread'
    /Users/yuzhang/.rvm/rubies/ruby-1.8.7-p302/lib/ruby/1.8/webrick/server.rb:95:in `start'
    /Users/yuzhang/.rvm/rubies/ruby-1.8.7-p302/lib/ruby/1.8/webrick/server.rb:92:in `each'
    /Users/yuzhang/.rvm/rubies/ruby-1.8.7-p302/lib/ruby/1.8/webrick/server.rb:92:in `start'
    /Users/yuzhang/.rvm/rubies/ruby-1.8.7-p302/lib/ruby/1.8/webrick/server.rb:23:in `start'
    /Users/yuzhang/.rvm/rubies/ruby-1.8.7-p302/lib/ruby/1.8/webrick/server.rb:82:in `start'

Rendered rescues/_trace (135.3ms)
Rendered rescues/_request_and_response (0.3ms)
Rendering rescues/layout (internal_server_error)
  [4;36;1mSQL (0.1ms)[0m   [0;1mSET NAMES 'utf8'[0m
  [4;35;1mSQL (0.1ms)[0m   [0mSET SQL_AUTO_IS_NULL=0[0m


Processing TweetsController#show (for 127.0.0.1 at 2011-04-30 01:58:40) [GET]
  Parameters: {"id"=>"64119332090814464"}
Rendering template within layouts/tweets
Rendering tweets/show

ActionView::TemplateError (undefined method `hast_tag' for #<Tweet:0x103460ec0>) on line #33 of app/views/tweets/show.html.erb:
30: 
31: <p>
32:   <b>Hast tag:</b>
33:   <%=h @tweet.hast_tag %>
34: </p>
35: 
36: <p>

    app/views/tweets/show.html.erb:33
    app/controllers/tweets_controller.rb:18:in `show'
    /Users/yuzhang/.rvm/rubies/ruby-1.8.7-p302/lib/ruby/1.8/webrick/httpserver.rb:104:in `service'
    /Users/yuzhang/.rvm/rubies/ruby-1.8.7-p302/lib/ruby/1.8/webrick/httpserver.rb:65:in `run'
    /Users/yuzhang/.rvm/rubies/ruby-1.8.7-p302/lib/ruby/1.8/webrick/server.rb:173:in `start_thread'
    /Users/yuzhang/.rvm/rubies/ruby-1.8.7-p302/lib/ruby/1.8/webrick/server.rb:162:in `start'
    /Users/yuzhang/.rvm/rubies/ruby-1.8.7-p302/lib/ruby/1.8/webrick/server.rb:162:in `start_thread'
    /Users/yuzhang/.rvm/rubies/ruby-1.8.7-p302/lib/ruby/1.8/webrick/server.rb:95:in `start'
    /Users/yuzhang/.rvm/rubies/ruby-1.8.7-p302/lib/ruby/1.8/webrick/server.rb:92:in `each'
    /Users/yuzhang/.rvm/rubies/ruby-1.8.7-p302/lib/ruby/1.8/webrick/server.rb:92:in `start'
    /Users/yuzhang/.rvm/rubies/ruby-1.8.7-p302/lib/ruby/1.8/webrick/server.rb:23:in `start'
    /Users/yuzhang/.rvm/rubies/ruby-1.8.7-p302/lib/ruby/1.8/webrick/server.rb:82:in `start'

Rendered rescues/_trace (133.0ms)
Rendered rescues/_request_and_response (0.4ms)
Rendering rescues/layout (internal_server_error)
  [4;36;1mSQL (0.1ms)[0m   [0;1mSET NAMES 'utf8'[0m
  [4;35;1mSQL (0.1ms)[0m   [0mSET SQL_AUTO_IS_NULL=0[0m


Processing TweetsController#show (for 127.0.0.1 at 2011-04-30 01:59:06) [GET]
  Parameters: {"id"=>"64119332090814464"}
Rendering template within layouts/tweets
Rendering tweets/show
Completed in 259ms (View: 6, DB: 0) | 200 OK [http://localhost/tweets/64119332090814464]
  [4;36;1mSQL (0.1ms)[0m   [0;1mSET NAMES 'utf8'[0m
  [4;35;1mSQL (0.1ms)[0m   [0mSET SQL_AUTO_IS_NULL=0[0m


Processing TweetsController#index (for 127.0.0.1 at 2011-04-30 02:00:55) [GET]
Rendering template within layouts/tweets
Rendering tweets/index
Completed in 19228ms (View: 177, DB: 0) | 200 OK [http://localhost/tweets]
  [4;36;1mSQL (0.1ms)[0m   [0;1mSET NAMES 'utf8'[0m
  [4;35;1mSQL (0.1ms)[0m   [0mSET SQL_AUTO_IS_NULL=0[0m


Processing TweetsController#index (for 127.0.0.1 at 2011-04-30 02:08:39) [GET]
Rendering template within layouts/tweets
Rendering tweets/index
Completed in 19316ms (View: 252, DB: 0) | 200 OK [http://localhost/tweets]
  [4;36;1mSQL (0.1ms)[0m   [0;1mSET NAMES 'utf8'[0m
  [4;35;1mSQL (0.1ms)[0m   [0mSET SQL_AUTO_IS_NULL=0[0m


Processing TweetsController#index (for 127.0.0.1 at 2011-04-30 02:49:10) [GET]
Rendering template within layouts/tweets
Rendering tweets/index
Completed in 19766ms (View: 254, DB: 0) | 200 OK [http://localhost/tweets]
